[INFO ] 2024-03-14 12:20:25.919 [main] RestAssuredAutomationFramework_test - Create Item executed.
[INFO ] 2024-03-14 12:20:26.027 [main] RestAssuredAutomationFramework_test - Get Item Data executed.
[INFO ] 2024-03-14 12:20:26.133 [main] RestAssuredAutomationFramework_test - Update User executed.
[INFO ] 2024-03-14 12:20:26.167 [main] RestAssuredAutomationFramework_test - Delete Item executed.
[INFO ] 2024-03-14 12:20:26.224 [main] RestAssuredAutomationFramework_test - Create Item executed.
[INFO ] 2024-03-14 12:20:26.262 [main] RestAssuredAutomationFramework_test - Get Item Data executed.
[INFO ] 2024-03-14 12:20:26.337 [main] RestAssuredAutomationFramework_test - Update User executed.
[INFO ] 2024-03-14 12:20:26.463 [main] RestAssuredAutomationFramework_test - Delete Item by Id executed.
[INFO ] 2024-03-14 12:56:57.686 [main] RestAssuredAutomationFramework_test - Create Item executed.
[INFO ] 2024-03-14 12:56:58.378 [main] RestAssuredAutomationFramework_test - Get Item Data executed.
[INFO ] 2024-03-14 12:56:58.729 [main] RestAssuredAutomationFramework_test - Update User executed.
[INFO ] 2024-03-14 12:56:58.907 [main] RestAssuredAutomationFramework_test - Delete Item executed.
[INFO ] 2024-03-14 12:56:59.119 [main] RestAssuredAutomationFramework_test - Create Item executed.
[INFO ] 2024-03-14 12:56:59.442 [main] RestAssuredAutomationFramework_test - Get Item Data executed.
[INFO ] 2024-03-14 12:57:00.100 [main] RestAssuredAutomationFramework_test - Update User executed.
[INFO ] 2024-03-14 12:57:01.319 [main] RestAssuredAutomationFramework_test - Delete Item by Id executed.
[INFO ] 2024-03-14 12:57:17.127 [main] RestAssuredAutomationFramework_test - Create Item executed.
[INFO ] 2024-03-14 12:57:18.082 [main] RestAssuredAutomationFramework_test - Get Item Data executed.
[INFO ] 2024-03-14 12:57:18.816 [main] RestAssuredAutomationFramework_test - Update User executed.
[INFO ] 2024-03-14 12:57:18.913 [main] RestAssuredAutomationFramework_test - Delete Item executed.
[INFO ] 2024-03-14 12:57:19.205 [main] RestAssuredAutomationFramework_test - Create Item executed.
[INFO ] 2024-03-14 12:57:19.448 [main] RestAssuredAutomationFramework_test - Get Item Data executed.
[INFO ] 2024-03-14 12:57:20.014 [main] RestAssuredAutomationFramework_test - Update User executed.
[INFO ] 2024-03-14 12:57:20.922 [main] RestAssuredAutomationFramework_test - Delete Item by Id executed.
